<?xml version="1.0" encoding="UTF-8"?>
<testsuite xmlns:xsi="http://www.w3.org/2001/XMLSchema-instance" xsi:noNamespaceSchemaLocation="https://maven.apache.org/surefire/maven-surefire-plugin/xsd/surefire-test-report.xsd" name="com.s3bucket.file.manager.ApplicationTests" time="4.059" tests="1" errors="1" skipped="0" failures="0">
  <properties>
    <property name="awt.toolkit" value="sun.lwawt.macosx.LWCToolkit"/>
    <property name="java.specification.version" value="12"/>
    <property name="sun.jnu.encoding" value="UTF-8"/>
    <property name="java.class.path" value="/Users/nathanclarke/Desktop/S3 Bucket Project/s3bucket-file-manager-alpha/target/test-classes:/Users/nathanclarke/Desktop/S3 Bucket Project/s3bucket-file-manager-alpha/target/classes:/Users/nathanclarke/.m2/repository/org/springframework/boot/spring-boot-starter-actuator/2.2.0.RELEASE/spring-boot-starter-actuator-2.2.0.RELEASE.jar:/Users/nathanclarke/.m2/repository/org/springframework/boot/spring-boot-starter/2.2.0.RELEASE/spring-boot-starter-2.2.0.RELEASE.jar:/Users/nathanclarke/.m2/repository/org/springframework/boot/spring-boot/2.2.0.RELEASE/spring-boot-2.2.0.RELEASE.jar:/Users/nathanclarke/.m2/repository/org/springframework/boot/spring-boot-autoconfigure/2.2.0.RELEASE/spring-boot-autoconfigure-2.2.0.RELEASE.jar:/Users/nathanclarke/.m2/repository/org/springframework/boot/spring-boot-starter-logging/2.2.0.RELEASE/spring-boot-starter-logging-2.2.0.RELEASE.jar:/Users/nathanclarke/.m2/repository/ch/qos/logback/logback-classic/1.2.3/logback-classic-1.2.3.jar:/Users/nathanclarke/.m2/repository/ch/qos/logback/logback-core/1.2.3/logback-core-1.2.3.jar:/Users/nathanclarke/.m2/repository/org/apache/logging/log4j/log4j-to-slf4j/2.12.1/log4j-to-slf4j-2.12.1.jar:/Users/nathanclarke/.m2/repository/org/apache/logging/log4j/log4j-api/2.12.1/log4j-api-2.12.1.jar:/Users/nathanclarke/.m2/repository/org/slf4j/jul-to-slf4j/1.7.28/jul-to-slf4j-1.7.28.jar:/Users/nathanclarke/.m2/repository/jakarta/annotation/jakarta.annotation-api/1.3.5/jakarta.annotation-api-1.3.5.jar:/Users/nathanclarke/.m2/repository/org/yaml/snakeyaml/1.25/snakeyaml-1.25.jar:/Users/nathanclarke/.m2/repository/org/springframework/boot/spring-boot-actuator-autoconfigure/2.2.0.RELEASE/spring-boot-actuator-autoconfigure-2.2.0.RELEASE.jar:/Users/nathanclarke/.m2/repository/org/springframework/boot/spring-boot-actuator/2.2.0.RELEASE/spring-boot-actuator-2.2.0.RELEASE.jar:/Users/nathanclarke/.m2/repository/com/fasterxml/jackson/core/jackson-databind/2.10.0/jackson-databind-2.10.0.jar:/Users/nathanclarke/.m2/repository/com/fasterxml/jackson/core/jackson-annotations/2.10.0/jackson-annotations-2.10.0.jar:/Users/nathanclarke/.m2/repository/com/fasterxml/jackson/core/jackson-core/2.10.0/jackson-core-2.10.0.jar:/Users/nathanclarke/.m2/repository/org/springframework/spring-context/5.2.0.RELEASE/spring-context-5.2.0.RELEASE.jar:/Users/nathanclarke/.m2/repository/com/fasterxml/jackson/datatype/jackson-datatype-jsr310/2.10.0/jackson-datatype-jsr310-2.10.0.jar:/Users/nathanclarke/.m2/repository/io/micrometer/micrometer-core/1.3.0/micrometer-core-1.3.0.jar:/Users/nathanclarke/.m2/repository/org/hdrhistogram/HdrHistogram/2.1.11/HdrHistogram-2.1.11.jar:/Users/nathanclarke/.m2/repository/org/latencyutils/LatencyUtils/2.0.3/LatencyUtils-2.0.3.jar:/Users/nathanclarke/.m2/repository/org/springframework/boot/spring-boot-starter-data-jpa/2.2.0.RELEASE/spring-boot-starter-data-jpa-2.2.0.RELEASE.jar:/Users/nathanclarke/.m2/repository/org/springframework/boot/spring-boot-starter-aop/2.2.0.RELEASE/spring-boot-starter-aop-2.2.0.RELEASE.jar:/Users/nathanclarke/.m2/repository/org/springframework/spring-aop/5.2.0.RELEASE/spring-aop-5.2.0.RELEASE.jar:/Users/nathanclarke/.m2/repository/org/aspectj/aspectjweaver/1.9.4/aspectjweaver-1.9.4.jar:/Users/nathanclarke/.m2/repository/org/springframework/boot/spring-boot-starter-jdbc/2.2.0.RELEASE/spring-boot-starter-jdbc-2.2.0.RELEASE.jar:/Users/nathanclarke/.m2/repository/com/zaxxer/HikariCP/3.4.1/HikariCP-3.4.1.jar:/Users/nathanclarke/.m2/repository/jakarta/activation/jakarta.activation-api/1.2.1/jakarta.activation-api-1.2.1.jar:/Users/nathanclarke/.m2/repository/jakarta/persistence/jakarta.persistence-api/2.2.3/jakarta.persistence-api-2.2.3.jar:/Users/nathanclarke/.m2/repository/jakarta/transaction/jakarta.transaction-api/1.3.3/jakarta.transaction-api-1.3.3.jar:/Users/nathanclarke/.m2/repository/org/hibernate/hibernate-core/5.4.6.Final/hibernate-core-5.4.6.Final.jar:/Users/nathanclarke/.m2/repository/org/jboss/logging/jboss-logging/3.4.1.Final/jboss-logging-3.4.1.Final.jar:/Users/nathanclarke/.m2/repository/org/javassist/javassist/3.24.0-GA/javassist-3.24.0-GA.jar:/Users/nathanclarke/.m2/repository/net/bytebuddy/byte-buddy/1.10.1/byte-buddy-1.10.1.jar:/Users/nathanclarke/.m2/repository/antlr/antlr/2.7.7/antlr-2.7.7.jar:/Users/nathanclarke/.m2/repository/org/jboss/jandex/2.0.5.Final/jandex-2.0.5.Final.jar:/Users/nathanclarke/.m2/repository/com/fasterxml/classmate/1.5.0/classmate-1.5.0.jar:/Users/nathanclarke/.m2/repository/org/dom4j/dom4j/2.1.1/dom4j-2.1.1.jar:/Users/nathanclarke/.m2/repository/org/hibernate/common/hibernate-commons-annotations/5.1.0.Final/hibernate-commons-annotations-5.1.0.Final.jar:/Users/nathanclarke/.m2/repository/org/glassfish/jaxb/jaxb-runtime/2.3.2/jaxb-runtime-2.3.2.jar:/Users/nathanclarke/.m2/repository/org/glassfish/jaxb/txw2/2.3.2/txw2-2.3.2.jar:/Users/nathanclarke/.m2/repository/com/sun/istack/istack-commons-runtime/3.0.8/istack-commons-runtime-3.0.8.jar:/Users/nathanclarke/.m2/repository/org/jvnet/staxex/stax-ex/1.8.1/stax-ex-1.8.1.jar:/Users/nathanclarke/.m2/repository/com/sun/xml/fastinfoset/FastInfoset/1.2.16/FastInfoset-1.2.16.jar:/Users/nathanclarke/.m2/repository/org/springframework/data/spring-data-jpa/2.2.0.RELEASE/spring-data-jpa-2.2.0.RELEASE.jar:/Users/nathanclarke/.m2/repository/org/springframework/data/spring-data-commons/2.2.0.RELEASE/spring-data-commons-2.2.0.RELEASE.jar:/Users/nathanclarke/.m2/repository/org/springframework/spring-orm/5.2.0.RELEASE/spring-orm-5.2.0.RELEASE.jar:/Users/nathanclarke/.m2/repository/org/springframework/spring-tx/5.2.0.RELEASE/spring-tx-5.2.0.RELEASE.jar:/Users/nathanclarke/.m2/repository/org/springframework/spring-beans/5.2.0.RELEASE/spring-beans-5.2.0.RELEASE.jar:/Users/nathanclarke/.m2/repository/org/springframework/spring-aspects/5.2.0.RELEASE/spring-aspects-5.2.0.RELEASE.jar:/Users/nathanclarke/.m2/repository/org/springframework/boot/spring-boot-starter-web/2.2.0.RELEASE/spring-boot-starter-web-2.2.0.RELEASE.jar:/Users/nathanclarke/.m2/repository/org/springframework/boot/spring-boot-starter-json/2.2.0.RELEASE/spring-boot-starter-json-2.2.0.RELEASE.jar:/Users/nathanclarke/.m2/repository/com/fasterxml/jackson/datatype/jackson-datatype-jdk8/2.10.0/jackson-datatype-jdk8-2.10.0.jar:/Users/nathanclarke/.m2/repository/com/fasterxml/jackson/module/jackson-module-parameter-names/2.10.0/jackson-module-parameter-names-2.10.0.jar:/Users/nathanclarke/.m2/repository/org/springframework/boot/spring-boot-starter-tomcat/2.2.0.RELEASE/spring-boot-starter-tomcat-2.2.0.RELEASE.jar:/Users/nathanclarke/.m2/repository/org/apache/tomcat/embed/tomcat-embed-core/9.0.27/tomcat-embed-core-9.0.27.jar:/Users/nathanclarke/.m2/repository/org/apache/tomcat/embed/tomcat-embed-el/9.0.27/tomcat-embed-el-9.0.27.jar:/Users/nathanclarke/.m2/repository/org/apache/tomcat/embed/tomcat-embed-websocket/9.0.27/tomcat-embed-websocket-9.0.27.jar:/Users/nathanclarke/.m2/repository/org/springframework/boot/spring-boot-starter-validation/2.2.0.RELEASE/spring-boot-starter-validation-2.2.0.RELEASE.jar:/Users/nathanclarke/.m2/repository/jakarta/validation/jakarta.validation-api/2.0.1/jakarta.validation-api-2.0.1.jar:/Users/nathanclarke/.m2/repository/org/hibernate/validator/hibernate-validator/6.0.17.Final/hibernate-validator-6.0.17.Final.jar:/Users/nathanclarke/.m2/repository/org/springframework/spring-web/5.2.0.RELEASE/spring-web-5.2.0.RELEASE.jar:/Users/nathanclarke/.m2/repository/org/springframework/spring-webmvc/5.2.0.RELEASE/spring-webmvc-5.2.0.RELEASE.jar:/Users/nathanclarke/.m2/repository/org/springframework/spring-expression/5.2.0.RELEASE/spring-expression-5.2.0.RELEASE.jar:/Users/nathanclarke/.m2/repository/com/amazonaws/aws-java-sdk-s3/1.11.671/aws-java-sdk-s3-1.11.671.jar:/Users/nathanclarke/.m2/repository/com/amazonaws/aws-java-sdk-kms/1.11.671/aws-java-sdk-kms-1.11.671.jar:/Users/nathanclarke/.m2/repository/com/amazonaws/aws-java-sdk-core/1.11.671/aws-java-sdk-core-1.11.671.jar:/Users/nathanclarke/.m2/repository/commons-logging/commons-logging/1.1.3/commons-logging-1.1.3.jar:/Users/nathanclarke/.m2/repository/org/apache/httpcomponents/httpclient/4.5.10/httpclient-4.5.10.jar:/Users/nathanclarke/.m2/repository/org/apache/httpcomponents/httpcore/4.4.12/httpcore-4.4.12.jar:/Users/nathanclarke/.m2/repository/commons-codec/commons-codec/1.13/commons-codec-1.13.jar:/Users/nathanclarke/.m2/repository/software/amazon/ion/ion-java/1.0.2/ion-java-1.0.2.jar:/Users/nathanclarke/.m2/repository/com/fasterxml/jackson/dataformat/jackson-dataformat-cbor/2.10.0/jackson-dataformat-cbor-2.10.0.jar:/Users/nathanclarke/.m2/repository/joda-time/joda-time/2.10.4/joda-time-2.10.4.jar:/Users/nathanclarke/.m2/repository/com/amazonaws/jmespath-java/1.11.671/jmespath-java-1.11.671.jar:/Users/nathanclarke/.m2/repository/org/springframework/cloud/spring-cloud-aws-jdbc/2.1.3.RELEASE/spring-cloud-aws-jdbc-2.1.3.RELEASE.jar:/Users/nathanclarke/.m2/repository/org/springframework/cloud/spring-cloud-aws-context/2.1.3.RELEASE/spring-cloud-aws-context-2.1.3.RELEASE.jar:/Users/nathanclarke/.m2/repository/org/springframework/cloud/spring-cloud-aws-core/2.1.3.RELEASE/spring-cloud-aws-core-2.1.3.RELEASE.jar:/Users/nathanclarke/.m2/repository/com/amazonaws/aws-java-sdk-ec2/1.11.415/aws-java-sdk-ec2-1.11.415.jar:/Users/nathanclarke/.m2/repository/com/amazonaws/aws-java-sdk-cloudformation/1.11.415/aws-java-sdk-cloudformation-1.11.415.jar:/Users/nathanclarke/.m2/repository/org/springframework/spring-jdbc/5.2.0.RELEASE/spring-jdbc-5.2.0.RELEASE.jar:/Users/nathanclarke/.m2/repository/org/apache/tomcat/tomcat-jdbc/9.0.27/tomcat-jdbc-9.0.27.jar:/Users/nathanclarke/.m2/repository/org/apache/tomcat/tomcat-juli/9.0.27/tomcat-juli-9.0.27.jar:/Users/nathanclarke/.m2/repository/com/amazonaws/aws-java-sdk-rds/1.11.415/aws-java-sdk-rds-1.11.415.jar:/Users/nathanclarke/.m2/repository/com/amazonaws/aws-java-sdk-iam/1.11.415/aws-java-sdk-iam-1.11.415.jar:/Users/nathanclarke/.m2/repository/org/slf4j/slf4j-api/1.7.28/slf4j-api-1.7.28.jar:/Users/nathanclarke/.m2/repository/javax/activation/javax.activation-api/1.2.0/javax.activation-api-1.2.0.jar:/Users/nathanclarke/.m2/repository/com/h2database/h2/1.4.199/h2-1.4.199.jar:/Users/nathanclarke/.m2/repository/org/projectlombok/lombok/1.18.10/lombok-1.18.10.jar:/Users/nathanclarke/.m2/repository/org/springframework/boot/spring-boot-starter-test/2.2.0.RELEASE/spring-boot-starter-test-2.2.0.RELEASE.jar:/Users/nathanclarke/.m2/repository/org/springframework/boot/spring-boot-test/2.2.0.RELEASE/spring-boot-test-2.2.0.RELEASE.jar:/Users/nathanclarke/.m2/repository/org/springframework/boot/spring-boot-test-autoconfigure/2.2.0.RELEASE/spring-boot-test-autoconfigure-2.2.0.RELEASE.jar:/Users/nathanclarke/.m2/repository/com/jayway/jsonpath/json-path/2.4.0/json-path-2.4.0.jar:/Users/nathanclarke/.m2/repository/net/minidev/json-smart/2.3/json-smart-2.3.jar:/Users/nathanclarke/.m2/repository/net/minidev/accessors-smart/1.2/accessors-smart-1.2.jar:/Users/nathanclarke/.m2/repository/org/ow2/asm/asm/5.0.4/asm-5.0.4.jar:/Users/nathanclarke/.m2/repository/jakarta/xml/bind/jakarta.xml.bind-api/2.3.2/jakarta.xml.bind-api-2.3.2.jar:/Users/nathanclarke/.m2/repository/org/junit/jupiter/junit-jupiter/5.5.2/junit-jupiter-5.5.2.jar:/Users/nathanclarke/.m2/repository/org/junit/jupiter/junit-jupiter-api/5.5.2/junit-jupiter-api-5.5.2.jar:/Users/nathanclarke/.m2/repository/org/apiguardian/apiguardian-api/1.1.0/apiguardian-api-1.1.0.jar:/Users/nathanclarke/.m2/repository/org/opentest4j/opentest4j/1.2.0/opentest4j-1.2.0.jar:/Users/nathanclarke/.m2/repository/org/junit/platform/junit-platform-commons/1.5.2/junit-platform-commons-1.5.2.jar:/Users/nathanclarke/.m2/repository/org/junit/jupiter/junit-jupiter-params/5.5.2/junit-jupiter-params-5.5.2.jar:/Users/nathanclarke/.m2/repository/org/junit/jupiter/junit-jupiter-engine/5.5.2/junit-jupiter-engine-5.5.2.jar:/Users/nathanclarke/.m2/repository/org/junit/platform/junit-platform-engine/1.5.2/junit-platform-engine-1.5.2.jar:/Users/nathanclarke/.m2/repository/org/mockito/mockito-junit-jupiter/3.1.0/mockito-junit-jupiter-3.1.0.jar:/Users/nathanclarke/.m2/repository/org/assertj/assertj-core/3.13.2/assertj-core-3.13.2.jar:/Users/nathanclarke/.m2/repository/org/hamcrest/hamcrest/2.1/hamcrest-2.1.jar:/Users/nathanclarke/.m2/repository/org/mockito/mockito-core/3.1.0/mockito-core-3.1.0.jar:/Users/nathanclarke/.m2/repository/net/bytebuddy/byte-buddy-agent/1.10.1/byte-buddy-agent-1.10.1.jar:/Users/nathanclarke/.m2/repository/org/objenesis/objenesis/2.6/objenesis-2.6.jar:/Users/nathanclarke/.m2/repository/org/skyscreamer/jsonassert/1.5.0/jsonassert-1.5.0.jar:/Users/nathanclarke/.m2/repository/com/vaadin/external/google/android-json/0.0.20131108.vaadin1/android-json-0.0.20131108.vaadin1.jar:/Users/nathanclarke/.m2/repository/org/springframework/spring-core/5.2.0.RELEASE/spring-core-5.2.0.RELEASE.jar:/Users/nathanclarke/.m2/repository/org/springframework/spring-jcl/5.2.0.RELEASE/spring-jcl-5.2.0.RELEASE.jar:/Users/nathanclarke/.m2/repository/org/springframework/spring-test/5.2.0.RELEASE/spring-test-5.2.0.RELEASE.jar:/Users/nathanclarke/.m2/repository/org/xmlunit/xmlunit-core/2.6.3/xmlunit-core-2.6.3.jar:/Users/nathanclarke/.m2/repository/javax/xml/bind/jaxb-api/2.3.0/jaxb-api-2.3.0.jar:"/>
    <property name="java.vm.vendor" value="Oracle Corporation"/>
    <property name="sun.arch.data.model" value="64"/>
    <property name="java.vendor.url" value="https://java.oracle.com/"/>
    <property name="os.name" value="Mac OS X"/>
    <property name="java.vm.specification.version" value="12"/>
    <property name="sun.java.launcher" value="SUN_STANDARD"/>
    <property name="user.country" value="GB"/>
    <property name="sun.boot.library.path" value="/Library/Java/JavaVirtualMachines/openjdk-12.jdk/Contents/Home/lib"/>
    <property name="sun.java.command" value="/Users/nathanclarke/Desktop/S3 Bucket Project/s3bucket-file-manager-alpha/target/surefire/surefirebooter2062865171743990556.jar /Users/nathanclarke/Desktop/S3 Bucket Project/s3bucket-file-manager-alpha/target/surefire 2019-11-13T15-47-58_868-jvmRun1 surefire5573861976853172115tmp surefire_0793145098722302879tmp"/>
    <property name="jdk.debug" value="release"/>
    <property name="surefire.test.class.path" value="/Users/nathanclarke/Desktop/S3 Bucket Project/s3bucket-file-manager-alpha/target/test-classes:/Users/nathanclarke/Desktop/S3 Bucket Project/s3bucket-file-manager-alpha/target/classes:/Users/nathanclarke/.m2/repository/org/springframework/boot/spring-boot-starter-actuator/2.2.0.RELEASE/spring-boot-starter-actuator-2.2.0.RELEASE.jar:/Users/nathanclarke/.m2/repository/org/springframework/boot/spring-boot-starter/2.2.0.RELEASE/spring-boot-starter-2.2.0.RELEASE.jar:/Users/nathanclarke/.m2/repository/org/springframework/boot/spring-boot/2.2.0.RELEASE/spring-boot-2.2.0.RELEASE.jar:/Users/nathanclarke/.m2/repository/org/springframework/boot/spring-boot-autoconfigure/2.2.0.RELEASE/spring-boot-autoconfigure-2.2.0.RELEASE.jar:/Users/nathanclarke/.m2/repository/org/springframework/boot/spring-boot-starter-logging/2.2.0.RELEASE/spring-boot-starter-logging-2.2.0.RELEASE.jar:/Users/nathanclarke/.m2/repository/ch/qos/logback/logback-classic/1.2.3/logback-classic-1.2.3.jar:/Users/nathanclarke/.m2/repository/ch/qos/logback/logback-core/1.2.3/logback-core-1.2.3.jar:/Users/nathanclarke/.m2/repository/org/apache/logging/log4j/log4j-to-slf4j/2.12.1/log4j-to-slf4j-2.12.1.jar:/Users/nathanclarke/.m2/repository/org/apache/logging/log4j/log4j-api/2.12.1/log4j-api-2.12.1.jar:/Users/nathanclarke/.m2/repository/org/slf4j/jul-to-slf4j/1.7.28/jul-to-slf4j-1.7.28.jar:/Users/nathanclarke/.m2/repository/jakarta/annotation/jakarta.annotation-api/1.3.5/jakarta.annotation-api-1.3.5.jar:/Users/nathanclarke/.m2/repository/org/yaml/snakeyaml/1.25/snakeyaml-1.25.jar:/Users/nathanclarke/.m2/repository/org/springframework/boot/spring-boot-actuator-autoconfigure/2.2.0.RELEASE/spring-boot-actuator-autoconfigure-2.2.0.RELEASE.jar:/Users/nathanclarke/.m2/repository/org/springframework/boot/spring-boot-actuator/2.2.0.RELEASE/spring-boot-actuator-2.2.0.RELEASE.jar:/Users/nathanclarke/.m2/repository/com/fasterxml/jackson/core/jackson-databind/2.10.0/jackson-databind-2.10.0.jar:/Users/nathanclarke/.m2/repository/com/fasterxml/jackson/core/jackson-annotations/2.10.0/jackson-annotations-2.10.0.jar:/Users/nathanclarke/.m2/repository/com/fasterxml/jackson/core/jackson-core/2.10.0/jackson-core-2.10.0.jar:/Users/nathanclarke/.m2/repository/org/springframework/spring-context/5.2.0.RELEASE/spring-context-5.2.0.RELEASE.jar:/Users/nathanclarke/.m2/repository/com/fasterxml/jackson/datatype/jackson-datatype-jsr310/2.10.0/jackson-datatype-jsr310-2.10.0.jar:/Users/nathanclarke/.m2/repository/io/micrometer/micrometer-core/1.3.0/micrometer-core-1.3.0.jar:/Users/nathanclarke/.m2/repository/org/hdrhistogram/HdrHistogram/2.1.11/HdrHistogram-2.1.11.jar:/Users/nathanclarke/.m2/repository/org/latencyutils/LatencyUtils/2.0.3/LatencyUtils-2.0.3.jar:/Users/nathanclarke/.m2/repository/org/springframework/boot/spring-boot-starter-data-jpa/2.2.0.RELEASE/spring-boot-starter-data-jpa-2.2.0.RELEASE.jar:/Users/nathanclarke/.m2/repository/org/springframework/boot/spring-boot-starter-aop/2.2.0.RELEASE/spring-boot-starter-aop-2.2.0.RELEASE.jar:/Users/nathanclarke/.m2/repository/org/springframework/spring-aop/5.2.0.RELEASE/spring-aop-5.2.0.RELEASE.jar:/Users/nathanclarke/.m2/repository/org/aspectj/aspectjweaver/1.9.4/aspectjweaver-1.9.4.jar:/Users/nathanclarke/.m2/repository/org/springframework/boot/spring-boot-starter-jdbc/2.2.0.RELEASE/spring-boot-starter-jdbc-2.2.0.RELEASE.jar:/Users/nathanclarke/.m2/repository/com/zaxxer/HikariCP/3.4.1/HikariCP-3.4.1.jar:/Users/nathanclarke/.m2/repository/jakarta/activation/jakarta.activation-api/1.2.1/jakarta.activation-api-1.2.1.jar:/Users/nathanclarke/.m2/repository/jakarta/persistence/jakarta.persistence-api/2.2.3/jakarta.persistence-api-2.2.3.jar:/Users/nathanclarke/.m2/repository/jakarta/transaction/jakarta.transaction-api/1.3.3/jakarta.transaction-api-1.3.3.jar:/Users/nathanclarke/.m2/repository/org/hibernate/hibernate-core/5.4.6.Final/hibernate-core-5.4.6.Final.jar:/Users/nathanclarke/.m2/repository/org/jboss/logging/jboss-logging/3.4.1.Final/jboss-logging-3.4.1.Final.jar:/Users/nathanclarke/.m2/repository/org/javassist/javassist/3.24.0-GA/javassist-3.24.0-GA.jar:/Users/nathanclarke/.m2/repository/net/bytebuddy/byte-buddy/1.10.1/byte-buddy-1.10.1.jar:/Users/nathanclarke/.m2/repository/antlr/antlr/2.7.7/antlr-2.7.7.jar:/Users/nathanclarke/.m2/repository/org/jboss/jandex/2.0.5.Final/jandex-2.0.5.Final.jar:/Users/nathanclarke/.m2/repository/com/fasterxml/classmate/1.5.0/classmate-1.5.0.jar:/Users/nathanclarke/.m2/repository/org/dom4j/dom4j/2.1.1/dom4j-2.1.1.jar:/Users/nathanclarke/.m2/repository/org/hibernate/common/hibernate-commons-annotations/5.1.0.Final/hibernate-commons-annotations-5.1.0.Final.jar:/Users/nathanclarke/.m2/repository/org/glassfish/jaxb/jaxb-runtime/2.3.2/jaxb-runtime-2.3.2.jar:/Users/nathanclarke/.m2/repository/org/glassfish/jaxb/txw2/2.3.2/txw2-2.3.2.jar:/Users/nathanclarke/.m2/repository/com/sun/istack/istack-commons-runtime/3.0.8/istack-commons-runtime-3.0.8.jar:/Users/nathanclarke/.m2/repository/org/jvnet/staxex/stax-ex/1.8.1/stax-ex-1.8.1.jar:/Users/nathanclarke/.m2/repository/com/sun/xml/fastinfoset/FastInfoset/1.2.16/FastInfoset-1.2.16.jar:/Users/nathanclarke/.m2/repository/org/springframework/data/spring-data-jpa/2.2.0.RELEASE/spring-data-jpa-2.2.0.RELEASE.jar:/Users/nathanclarke/.m2/repository/org/springframework/data/spring-data-commons/2.2.0.RELEASE/spring-data-commons-2.2.0.RELEASE.jar:/Users/nathanclarke/.m2/repository/org/springframework/spring-orm/5.2.0.RELEASE/spring-orm-5.2.0.RELEASE.jar:/Users/nathanclarke/.m2/repository/org/springframework/spring-tx/5.2.0.RELEASE/spring-tx-5.2.0.RELEASE.jar:/Users/nathanclarke/.m2/repository/org/springframework/spring-beans/5.2.0.RELEASE/spring-beans-5.2.0.RELEASE.jar:/Users/nathanclarke/.m2/repository/org/springframework/spring-aspects/5.2.0.RELEASE/spring-aspects-5.2.0.RELEASE.jar:/Users/nathanclarke/.m2/repository/org/springframework/boot/spring-boot-starter-web/2.2.0.RELEASE/spring-boot-starter-web-2.2.0.RELEASE.jar:/Users/nathanclarke/.m2/repository/org/springframework/boot/spring-boot-starter-json/2.2.0.RELEASE/spring-boot-starter-json-2.2.0.RELEASE.jar:/Users/nathanclarke/.m2/repository/com/fasterxml/jackson/datatype/jackson-datatype-jdk8/2.10.0/jackson-datatype-jdk8-2.10.0.jar:/Users/nathanclarke/.m2/repository/com/fasterxml/jackson/module/jackson-module-parameter-names/2.10.0/jackson-module-parameter-names-2.10.0.jar:/Users/nathanclarke/.m2/repository/org/springframework/boot/spring-boot-starter-tomcat/2.2.0.RELEASE/spring-boot-starter-tomcat-2.2.0.RELEASE.jar:/Users/nathanclarke/.m2/repository/org/apache/tomcat/embed/tomcat-embed-core/9.0.27/tomcat-embed-core-9.0.27.jar:/Users/nathanclarke/.m2/repository/org/apache/tomcat/embed/tomcat-embed-el/9.0.27/tomcat-embed-el-9.0.27.jar:/Users/nathanclarke/.m2/repository/org/apache/tomcat/embed/tomcat-embed-websocket/9.0.27/tomcat-embed-websocket-9.0.27.jar:/Users/nathanclarke/.m2/repository/org/springframework/boot/spring-boot-starter-validation/2.2.0.RELEASE/spring-boot-starter-validation-2.2.0.RELEASE.jar:/Users/nathanclarke/.m2/repository/jakarta/validation/jakarta.validation-api/2.0.1/jakarta.validation-api-2.0.1.jar:/Users/nathanclarke/.m2/repository/org/hibernate/validator/hibernate-validator/6.0.17.Final/hibernate-validator-6.0.17.Final.jar:/Users/nathanclarke/.m2/repository/org/springframework/spring-web/5.2.0.RELEASE/spring-web-5.2.0.RELEASE.jar:/Users/nathanclarke/.m2/repository/org/springframework/spring-webmvc/5.2.0.RELEASE/spring-webmvc-5.2.0.RELEASE.jar:/Users/nathanclarke/.m2/repository/org/springframework/spring-expression/5.2.0.RELEASE/spring-expression-5.2.0.RELEASE.jar:/Users/nathanclarke/.m2/repository/com/amazonaws/aws-java-sdk-s3/1.11.671/aws-java-sdk-s3-1.11.671.jar:/Users/nathanclarke/.m2/repository/com/amazonaws/aws-java-sdk-kms/1.11.671/aws-java-sdk-kms-1.11.671.jar:/Users/nathanclarke/.m2/repository/com/amazonaws/aws-java-sdk-core/1.11.671/aws-java-sdk-core-1.11.671.jar:/Users/nathanclarke/.m2/repository/commons-logging/commons-logging/1.1.3/commons-logging-1.1.3.jar:/Users/nathanclarke/.m2/repository/org/apache/httpcomponents/httpclient/4.5.10/httpclient-4.5.10.jar:/Users/nathanclarke/.m2/repository/org/apache/httpcomponents/httpcore/4.4.12/httpcore-4.4.12.jar:/Users/nathanclarke/.m2/repository/commons-codec/commons-codec/1.13/commons-codec-1.13.jar:/Users/nathanclarke/.m2/repository/software/amazon/ion/ion-java/1.0.2/ion-java-1.0.2.jar:/Users/nathanclarke/.m2/repository/com/fasterxml/jackson/dataformat/jackson-dataformat-cbor/2.10.0/jackson-dataformat-cbor-2.10.0.jar:/Users/nathanclarke/.m2/repository/joda-time/joda-time/2.10.4/joda-time-2.10.4.jar:/Users/nathanclarke/.m2/repository/com/amazonaws/jmespath-java/1.11.671/jmespath-java-1.11.671.jar:/Users/nathanclarke/.m2/repository/org/springframework/cloud/spring-cloud-aws-jdbc/2.1.3.RELEASE/spring-cloud-aws-jdbc-2.1.3.RELEASE.jar:/Users/nathanclarke/.m2/repository/org/springframework/cloud/spring-cloud-aws-context/2.1.3.RELEASE/spring-cloud-aws-context-2.1.3.RELEASE.jar:/Users/nathanclarke/.m2/repository/org/springframework/cloud/spring-cloud-aws-core/2.1.3.RELEASE/spring-cloud-aws-core-2.1.3.RELEASE.jar:/Users/nathanclarke/.m2/repository/com/amazonaws/aws-java-sdk-ec2/1.11.415/aws-java-sdk-ec2-1.11.415.jar:/Users/nathanclarke/.m2/repository/com/amazonaws/aws-java-sdk-cloudformation/1.11.415/aws-java-sdk-cloudformation-1.11.415.jar:/Users/nathanclarke/.m2/repository/org/springframework/spring-jdbc/5.2.0.RELEASE/spring-jdbc-5.2.0.RELEASE.jar:/Users/nathanclarke/.m2/repository/org/apache/tomcat/tomcat-jdbc/9.0.27/tomcat-jdbc-9.0.27.jar:/Users/nathanclarke/.m2/repository/org/apache/tomcat/tomcat-juli/9.0.27/tomcat-juli-9.0.27.jar:/Users/nathanclarke/.m2/repository/com/amazonaws/aws-java-sdk-rds/1.11.415/aws-java-sdk-rds-1.11.415.jar:/Users/nathanclarke/.m2/repository/com/amazonaws/aws-java-sdk-iam/1.11.415/aws-java-sdk-iam-1.11.415.jar:/Users/nathanclarke/.m2/repository/org/slf4j/slf4j-api/1.7.28/slf4j-api-1.7.28.jar:/Users/nathanclarke/.m2/repository/javax/activation/javax.activation-api/1.2.0/javax.activation-api-1.2.0.jar:/Users/nathanclarke/.m2/repository/com/h2database/h2/1.4.199/h2-1.4.199.jar:/Users/nathanclarke/.m2/repository/org/projectlombok/lombok/1.18.10/lombok-1.18.10.jar:/Users/nathanclarke/.m2/repository/org/springframework/boot/spring-boot-starter-test/2.2.0.RELEASE/spring-boot-starter-test-2.2.0.RELEASE.jar:/Users/nathanclarke/.m2/repository/org/springframework/boot/spring-boot-test/2.2.0.RELEASE/spring-boot-test-2.2.0.RELEASE.jar:/Users/nathanclarke/.m2/repository/org/springframework/boot/spring-boot-test-autoconfigure/2.2.0.RELEASE/spring-boot-test-autoconfigure-2.2.0.RELEASE.jar:/Users/nathanclarke/.m2/repository/com/jayway/jsonpath/json-path/2.4.0/json-path-2.4.0.jar:/Users/nathanclarke/.m2/repository/net/minidev/json-smart/2.3/json-smart-2.3.jar:/Users/nathanclarke/.m2/repository/net/minidev/accessors-smart/1.2/accessors-smart-1.2.jar:/Users/nathanclarke/.m2/repository/org/ow2/asm/asm/5.0.4/asm-5.0.4.jar:/Users/nathanclarke/.m2/repository/jakarta/xml/bind/jakarta.xml.bind-api/2.3.2/jakarta.xml.bind-api-2.3.2.jar:/Users/nathanclarke/.m2/repository/org/junit/jupiter/junit-jupiter/5.5.2/junit-jupiter-5.5.2.jar:/Users/nathanclarke/.m2/repository/org/junit/jupiter/junit-jupiter-api/5.5.2/junit-jupiter-api-5.5.2.jar:/Users/nathanclarke/.m2/repository/org/apiguardian/apiguardian-api/1.1.0/apiguardian-api-1.1.0.jar:/Users/nathanclarke/.m2/repository/org/opentest4j/opentest4j/1.2.0/opentest4j-1.2.0.jar:/Users/nathanclarke/.m2/repository/org/junit/platform/junit-platform-commons/1.5.2/junit-platform-commons-1.5.2.jar:/Users/nathanclarke/.m2/repository/org/junit/jupiter/junit-jupiter-params/5.5.2/junit-jupiter-params-5.5.2.jar:/Users/nathanclarke/.m2/repository/org/junit/jupiter/junit-jupiter-engine/5.5.2/junit-jupiter-engine-5.5.2.jar:/Users/nathanclarke/.m2/repository/org/junit/platform/junit-platform-engine/1.5.2/junit-platform-engine-1.5.2.jar:/Users/nathanclarke/.m2/repository/org/mockito/mockito-junit-jupiter/3.1.0/mockito-junit-jupiter-3.1.0.jar:/Users/nathanclarke/.m2/repository/org/assertj/assertj-core/3.13.2/assertj-core-3.13.2.jar:/Users/nathanclarke/.m2/repository/org/hamcrest/hamcrest/2.1/hamcrest-2.1.jar:/Users/nathanclarke/.m2/repository/org/mockito/mockito-core/3.1.0/mockito-core-3.1.0.jar:/Users/nathanclarke/.m2/repository/net/bytebuddy/byte-buddy-agent/1.10.1/byte-buddy-agent-1.10.1.jar:/Users/nathanclarke/.m2/repository/org/objenesis/objenesis/2.6/objenesis-2.6.jar:/Users/nathanclarke/.m2/repository/org/skyscreamer/jsonassert/1.5.0/jsonassert-1.5.0.jar:/Users/nathanclarke/.m2/repository/com/vaadin/external/google/android-json/0.0.20131108.vaadin1/android-json-0.0.20131108.vaadin1.jar:/Users/nathanclarke/.m2/repository/org/springframework/spring-core/5.2.0.RELEASE/spring-core-5.2.0.RELEASE.jar:/Users/nathanclarke/.m2/repository/org/springframework/spring-jcl/5.2.0.RELEASE/spring-jcl-5.2.0.RELEASE.jar:/Users/nathanclarke/.m2/repository/org/springframework/spring-test/5.2.0.RELEASE/spring-test-5.2.0.RELEASE.jar:/Users/nathanclarke/.m2/repository/org/xmlunit/xmlunit-core/2.6.3/xmlunit-core-2.6.3.jar:/Users/nathanclarke/.m2/repository/javax/xml/bind/jaxb-api/2.3.0/jaxb-api-2.3.0.jar:"/>
    <property name="sun.cpu.endian" value="little"/>
    <property name="user.home" value="/Users/nathanclarke"/>
    <property name="user.language" value="en"/>
    <property name="java.specification.vendor" value="Oracle Corporation"/>
    <property name="java.version.date" value="2019-03-19"/>
    <property name="java.home" value="/Library/Java/JavaVirtualMachines/openjdk-12.jdk/Contents/Home"/>
    <property name="file.separator" value="/"/>
    <property name="basedir" value="/Users/nathanclarke/Desktop/S3 Bucket Project/s3bucket-file-manager-alpha"/>
    <property name="java.vm.compressedOopsMode" value="Zero based"/>
    <property name="line.separator" value="&#10;"/>
    <property name="java.vm.specification.vendor" value="Oracle Corporation"/>
    <property name="java.specification.name" value="Java Platform API Specification"/>
    <property name="java.awt.graphicsenv" value="sun.awt.CGraphicsEnvironment"/>
    <property name="surefire.real.class.path" value="/Users/nathanclarke/Desktop/S3 Bucket Project/s3bucket-file-manager-alpha/target/surefire/surefirebooter2062865171743990556.jar"/>
    <property name="sun.management.compiler" value="HotSpot 64-Bit Tiered Compilers"/>
    <property name="java.runtime.version" value="12+33"/>
    <property name="user.name" value="nathanclarke"/>
    <property name="path.separator" value=":"/>
    <property name="os.version" value="10.14.6"/>
    <property name="java.runtime.name" value="OpenJDK Runtime Environment"/>
    <property name="file.encoding" value="UTF-8"/>
    <property name="java.vm.name" value="OpenJDK 64-Bit Server VM"/>
    <property name="localRepository" value="/Users/nathanclarke/.m2/repository"/>
    <property name="java.vendor.url.bug" value="https://bugreport.java.com/bugreport/"/>
    <property name="java.io.tmpdir" value="/var/folders/r6/0nhngpl14gg929h10f219m140000gn/T/"/>
    <property name="java.version" value="12"/>
    <property name="user.dir" value="/Users/nathanclarke/Desktop/S3 Bucket Project/s3bucket-file-manager-alpha"/>
    <property name="os.arch" value="x86_64"/>
    <property name="java.vm.specification.name" value="Java Virtual Machine Specification"/>
    <property name="java.library.path" value="/Users/nathanclarke/Library/Java/Extensions:/Library/Java/Extensions:/Network/Library/Java/Extensions:/System/Library/Java/Extensions:/usr/lib/java:."/>
    <property name="java.vm.info" value="mixed mode, sharing"/>
    <property name="java.vendor" value="Oracle Corporation"/>
    <property name="java.vm.version" value="12+33"/>
    <property name="sun.io.unicode.encoding" value="UnicodeBig"/>
    <property name="java.class.version" value="56.0"/>
  </properties>
  <testcase name="contextLoads" classname="com.s3bucket.file.manager.ApplicationTests" time="0.001">
    <error message="Failed to load ApplicationContext" type="java.lang.IllegalStateException">java.lang.IllegalStateException: Failed to load ApplicationContext
Caused by: org.springframework.beans.factory.BeanCreationException: Error creating bean with name 'entityManagerFactory' defined in class path resource [org/springframework/boot/autoconfigure/orm/jpa/HibernateJpaConfiguration.class]: Invocation of init method failed; nested exception is javax.persistence.PersistenceException: [PersistenceUnit: default] Unable to build Hibernate SessionFactory; nested exception is org.hibernate.MappingException: Could not determine type for: java.util.List, at table: s3bucket, for columns: [org.hibernate.mapping.Column(object)]
Caused by: javax.persistence.PersistenceException: [PersistenceUnit: default] Unable to build Hibernate SessionFactory; nested exception is org.hibernate.MappingException: Could not determine type for: java.util.List, at table: s3bucket, for columns: [org.hibernate.mapping.Column(object)]
Caused by: org.hibernate.MappingException: Could not determine type for: java.util.List, at table: s3bucket, for columns: [org.hibernate.mapping.Column(object)]
</error>
    <system-out><![CDATA[15:47:59.757 [main] DEBUG org.springframework.test.context.BootstrapUtils - Instantiating CacheAwareContextLoaderDelegate from class [org.springframework.test.context.cache.DefaultCacheAwareContextLoaderDelegate]
15:47:59.779 [main] DEBUG org.springframework.test.context.BootstrapUtils - Instantiating BootstrapContext using constructor [public org.springframework.test.context.support.DefaultBootstrapContext(java.lang.Class,org.springframework.test.context.CacheAwareContextLoaderDelegate)]
15:47:59.835 [main] DEBUG org.springframework.test.context.BootstrapUtils - Instantiating TestContextBootstrapper for test class [com.s3bucket.file.manager.ApplicationTests] from class [org.springframework.boot.test.context.SpringBootTestContextBootstrapper]
15:47:59.858 [main] INFO org.springframework.boot.test.context.SpringBootTestContextBootstrapper - Neither @ContextConfiguration nor @ContextHierarchy found for test class [com.s3bucket.file.manager.ApplicationTests], using SpringBootContextLoader
15:47:59.868 [main] DEBUG org.springframework.test.context.support.AbstractContextLoader - Did not detect default resource location for test class [com.s3bucket.file.manager.ApplicationTests]: class path resource [com/s3bucket/file/manager/ApplicationTests-context.xml] does not exist
15:47:59.870 [main] DEBUG org.springframework.test.context.support.AbstractContextLoader - Did not detect default resource location for test class [com.s3bucket.file.manager.ApplicationTests]: class path resource [com/s3bucket/file/manager/ApplicationTestsContext.groovy] does not exist
15:47:59.871 [main] INFO org.springframework.test.context.support.AbstractContextLoader - Could not detect default resource locations for test class [com.s3bucket.file.manager.ApplicationTests]: no resource found for suffixes {-context.xml, Context.groovy}.
15:47:59.876 [main] INFO org.springframework.test.context.support.AnnotationConfigContextLoaderUtils - Could not detect default configuration classes for test class [com.s3bucket.file.manager.ApplicationTests]: ApplicationTests does not declare any static, non-private, non-final, nested classes annotated with @Configuration.
15:47:59.952 [main] DEBUG org.springframework.test.context.support.ActiveProfilesUtils - Could not find an 'annotation declaring class' for annotation type [org.springframework.test.context.ActiveProfiles] and class [com.s3bucket.file.manager.ApplicationTests]
15:48:00.059 [main] DEBUG org.springframework.context.annotation.ClassPathScanningCandidateComponentProvider - Identified candidate component class: file [/Users/nathanclarke/Desktop/S3 Bucket Project/s3bucket-file-manager-alpha/target/classes/com/s3bucket/file/manager/Application.class]
15:48:00.060 [main] INFO org.springframework.boot.test.context.SpringBootTestContextBootstrapper - Found @SpringBootConfiguration com.s3bucket.file.manager.Application for test class com.s3bucket.file.manager.ApplicationTests
15:48:00.207 [main] DEBUG org.springframework.boot.test.context.SpringBootTestContextBootstrapper - @TestExecutionListeners is not present for class [com.s3bucket.file.manager.ApplicationTests]: using defaults.
15:48:00.208 [main] INFO org.springframework.boot.test.context.SpringBootTestContextBootstrapper - Loaded default TestExecutionListener class names from location [META-INF/spring.factories]: [org.springframework.boot.test.mock.mockito.MockitoTestExecutionListener, org.springframework.boot.test.mock.mockito.ResetMocksTestExecutionListener, org.springframework.boot.test.autoconfigure.restdocs.RestDocsTestExecutionListener, org.springframework.boot.test.autoconfigure.web.client.MockRestServiceServerResetTestExecutionListener, org.springframework.boot.test.autoconfigure.web.servlet.MockMvcPrintOnlyOnFailureTestExecutionListener, org.springframework.boot.test.autoconfigure.web.servlet.WebDriverTestExecutionListener, org.springframework.test.context.web.ServletTestExecutionListener, org.springframework.test.context.support.DirtiesContextBeforeModesTestExecutionListener, org.springframework.test.context.support.DependencyInjectionTestExecutionListener, org.springframework.test.context.support.DirtiesContextTestExecutionListener, org.springframework.test.context.transaction.TransactionalTestExecutionListener, org.springframework.test.context.jdbc.SqlScriptsTestExecutionListener, org.springframework.test.context.event.EventPublishingTestExecutionListener]
15:48:00.241 [main] INFO org.springframework.boot.test.context.SpringBootTestContextBootstrapper - Using TestExecutionListeners: [org.springframework.test.context.web.ServletTestExecutionListener@5ddcc487, org.springframework.test.context.support.DirtiesContextBeforeModesTestExecutionListener@16eccb2e, org.springframework.boot.test.mock.mockito.MockitoTestExecutionListener@5ef5c734, org.springframework.boot.test.autoconfigure.SpringBootDependencyInjectionTestExecutionListener@d771cc9, org.springframework.test.context.support.DirtiesContextTestExecutionListener@36b4091c, org.springframework.test.context.transaction.TransactionalTestExecutionListener@4671115f, org.springframework.test.context.jdbc.SqlScriptsTestExecutionListener@36cda2c2, org.springframework.test.context.event.EventPublishingTestExecutionListener@3697186, org.springframework.boot.test.mock.mockito.ResetMocksTestExecutionListener@1583741e, org.springframework.boot.test.autoconfigure.restdocs.RestDocsTestExecutionListener@5b367418, org.springframework.boot.test.autoconfigure.web.client.MockRestServiceServerResetTestExecutionListener@36060e, org.springframework.boot.test.autoconfigure.web.servlet.MockMvcPrintOnlyOnFailureTestExecutionListener@481ba2cf, org.springframework.boot.test.autoconfigure.web.servlet.WebDriverTestExecutionListener@46b61c56]
15:48:00.246 [main] DEBUG org.springframework.test.context.support.AbstractDirtiesContextTestExecutionListener - Before test class: context [DefaultTestContext@1fb669c3 testClass = ApplicationTests, testInstance = [null], testMethod = [null], testException = [null], mergedContextConfiguration = [WebMergedContextConfiguration@49c66ade testClass = ApplicationTests, locations = '{}', classes = '{class com.s3bucket.file.manager.Application}', contextInitializerClasses = '[]', activeProfiles = '{}', propertySourceLocations = '{}', propertySourceProperties = '{org.springframework.boot.test.context.SpringBootTestContextBootstrapper=true}', contextCustomizers = set[org.springframework.boot.test.context.filter.ExcludeFilterContextCustomizer@6a6afff2, org.springframework.boot.test.json.DuplicateJsonObjectContextCustomizerFactory$DuplicateJsonObjectContextCustomizer@4da4253, org.springframework.boot.test.mock.mockito.MockitoContextCustomizer@0, org.springframework.boot.test.web.client.TestRestTemplateContextCustomizer@3e6ef8ad, org.springframework.boot.test.autoconfigure.properties.PropertyMappingContextCustomizer@0, org.springframework.boot.test.autoconfigure.web.servlet.WebDriverContextCustomizerFactory$Customizer@27ff5d15], resourceBasePath = 'src/main/webapp', contextLoader = 'org.springframework.boot.test.context.SpringBootContextLoader', parent = [null]], attributes = map['org.springframework.test.context.web.ServletTestExecutionListener.activateListener' -> true]], class annotated with @DirtiesContext [false] with mode [null].
15:48:00.294 [main] DEBUG org.springframework.test.context.support.TestPropertySourceUtils - Adding inlined properties to environment: {spring.jmx.enabled=false, org.springframework.boot.test.context.SpringBootTestContextBootstrapper=true, server.port=-1}

  .   ____          _            __ _ _
 /\\ / ___'_ __ _ _(_)_ __  __ _ \ \ \ \
( ( )\___ | '_ | '_| | '_ \/ _` | \ \ \ \
 \\/  ___)| |_)| | | | | || (_| |  ) ) ) )
  '  |____| .__|_| |_|_| |_\__, | / / / /
 =========|_|==============|___/=/_/_/_/
 :: Spring Boot ::        (v2.2.0.RELEASE)

2019-11-13 15:48:00.629  INFO 47202 --- [           main] c.s.file.manager.ApplicationTests        : Starting ApplicationTests on UK-C02XJH27JG5J with PID 47202 (started by nathanclarke in /Users/nathanclarke/Desktop/S3 Bucket Project/s3bucket-file-manager-alpha)
2019-11-13 15:48:00.630  INFO 47202 --- [           main] c.s.file.manager.ApplicationTests        : No active profile set, falling back to default profiles: default
2019-11-13 15:48:01.656  INFO 47202 --- [           main] .s.d.r.c.RepositoryConfigurationDelegate : Bootstrapping Spring Data repositories in DEFAULT mode.
2019-11-13 15:48:01.754  INFO 47202 --- [           main] .s.d.r.c.RepositoryConfigurationDelegate : Finished Spring Data repository scanning in 87ms. Found 2 repository interfaces.
2019-11-13 15:48:02.087  INFO 47202 --- [           main] trationDelegate$BeanPostProcessorChecker : Bean 'org.springframework.transaction.annotation.ProxyTransactionManagementConfiguration' of type [org.springframework.transaction.annotation.ProxyTransactionManagementConfiguration] is not eligible for getting processed by all BeanPostProcessors (for example: not eligible for auto-proxying)
2019-11-13 15:48:02.271  INFO 47202 --- [           main] com.zaxxer.hikari.HikariDataSource       : HikariPool-1 - Starting...
2019-11-13 15:48:02.574  INFO 47202 --- [           main] com.zaxxer.hikari.HikariDataSource       : HikariPool-1 - Start completed.
2019-11-13 15:48:02.718  INFO 47202 --- [           main] o.hibernate.jpa.internal.util.LogHelper  : HHH000204: Processing PersistenceUnitInfo [name: default]
2019-11-13 15:48:02.885  INFO 47202 --- [           main] org.hibernate.Version                    : HHH000412: Hibernate Core {5.4.6.Final}
2019-11-13 15:48:03.122  INFO 47202 --- [           main] o.hibernate.annotations.common.Version   : HCANN000001: Hibernate Commons Annotations {5.1.0.Final}
2019-11-13 15:48:03.386  INFO 47202 --- [           main] org.hibernate.dialect.Dialect            : HHH000400: Using dialect: org.hibernate.dialect.H2Dialect
2019-11-13 15:48:03.611  WARN 47202 --- [           main] o.s.w.c.s.GenericWebApplicationContext   : Exception encountered during context initialization - cancelling refresh attempt: org.springframework.beans.factory.BeanCreationException: Error creating bean with name 'entityManagerFactory' defined in class path resource [org/springframework/boot/autoconfigure/orm/jpa/HibernateJpaConfiguration.class]: Invocation of init method failed; nested exception is javax.persistence.PersistenceException: [PersistenceUnit: default] Unable to build Hibernate SessionFactory; nested exception is org.hibernate.MappingException: Could not determine type for: java.util.List, at table: s3bucket, for columns: [org.hibernate.mapping.Column(object)]
2019-11-13 15:48:03.611  INFO 47202 --- [           main] com.zaxxer.hikari.HikariDataSource       : HikariPool-1 - Shutdown initiated...
2019-11-13 15:48:03.616  INFO 47202 --- [           main] com.zaxxer.hikari.HikariDataSource       : HikariPool-1 - Shutdown completed.
2019-11-13 15:48:03.628  INFO 47202 --- [           main] ConditionEvaluationReportLoggingListener : 

Error starting ApplicationContext. To display the conditions report re-run your application with 'debug' enabled.
2019-11-13 15:48:03.643 ERROR 47202 --- [           main] o.s.boot.SpringApplication               : Application run failed

org.springframework.beans.factory.BeanCreationException: Error creating bean with name 'entityManagerFactory' defined in class path resource [org/springframework/boot/autoconfigure/orm/jpa/HibernateJpaConfiguration.class]: Invocation of init method failed; nested exception is javax.persistence.PersistenceException: [PersistenceUnit: default] Unable to build Hibernate SessionFactory; nested exception is org.hibernate.MappingException: Could not determine type for: java.util.List, at table: s3bucket, for columns: [org.hibernate.mapping.Column(object)]
	at org.springframework.beans.factory.support.AbstractAutowireCapableBeanFactory.initializeBean(AbstractAutowireCapableBeanFactory.java:1803) ~[spring-beans-5.2.0.RELEASE.jar:5.2.0.RELEASE]
	at org.springframework.beans.factory.support.AbstractAutowireCapableBeanFactory.doCreateBean(AbstractAutowireCapableBeanFactory.java:595) ~[spring-beans-5.2.0.RELEASE.jar:5.2.0.RELEASE]
	at org.springframework.beans.factory.support.AbstractAutowireCapableBeanFactory.createBean(AbstractAutowireCapableBeanFactory.java:517) ~[spring-beans-5.2.0.RELEASE.jar:5.2.0.RELEASE]
	at org.springframework.beans.factory.support.AbstractBeanFactory.lambda$doGetBean$0(AbstractBeanFactory.java:323) ~[spring-beans-5.2.0.RELEASE.jar:5.2.0.RELEASE]
	at org.springframework.beans.factory.support.DefaultSingletonBeanRegistry.getSingleton(DefaultSingletonBeanRegistry.java:222) ~[spring-beans-5.2.0.RELEASE.jar:5.2.0.RELEASE]
	at org.springframework.beans.factory.support.AbstractBeanFactory.doGetBean(AbstractBeanFactory.java:321) ~[spring-beans-5.2.0.RELEASE.jar:5.2.0.RELEASE]
	at org.springframework.beans.factory.support.AbstractBeanFactory.getBean(AbstractBeanFactory.java:202) ~[spring-beans-5.2.0.RELEASE.jar:5.2.0.RELEASE]
	at org.springframework.context.support.AbstractApplicationContext.getBean(AbstractApplicationContext.java:1108) ~[spring-context-5.2.0.RELEASE.jar:5.2.0.RELEASE]
	at org.springframework.context.support.AbstractApplicationContext.finishBeanFactoryInitialization(AbstractApplicationContext.java:868) ~[spring-context-5.2.0.RELEASE.jar:5.2.0.RELEASE]
	at org.springframework.context.support.AbstractApplicationContext.refresh(AbstractApplicationContext.java:550) ~[spring-context-5.2.0.RELEASE.jar:5.2.0.RELEASE]
	at org.springframework.boot.SpringApplication.refresh(SpringApplication.java:747) ~[spring-boot-2.2.0.RELEASE.jar:2.2.0.RELEASE]
	at org.springframework.boot.SpringApplication.refreshContext(SpringApplication.java:397) ~[spring-boot-2.2.0.RELEASE.jar:2.2.0.RELEASE]
	at org.springframework.boot.SpringApplication.run(SpringApplication.java:315) ~[spring-boot-2.2.0.RELEASE.jar:2.2.0.RELEASE]
	at org.springframework.boot.test.context.SpringBootContextLoader.loadContext(SpringBootContextLoader.java:125) ~[spring-boot-test-2.2.0.RELEASE.jar:2.2.0.RELEASE]
	at org.springframework.test.context.cache.DefaultCacheAwareContextLoaderDelegate.loadContextInternal(DefaultCacheAwareContextLoaderDelegate.java:99) ~[spring-test-5.2.0.RELEASE.jar:5.2.0.RELEASE]
	at org.springframework.test.context.cache.DefaultCacheAwareContextLoaderDelegate.loadContext(DefaultCacheAwareContextLoaderDelegate.java:124) ~[spring-test-5.2.0.RELEASE.jar:5.2.0.RELEASE]
	at org.springframework.test.context.support.DefaultTestContext.getApplicationContext(DefaultTestContext.java:123) ~[spring-test-5.2.0.RELEASE.jar:5.2.0.RELEASE]
	at org.springframework.test.context.web.ServletTestExecutionListener.setUpRequestContextIfNecessary(ServletTestExecutionListener.java:190) ~[spring-test-5.2.0.RELEASE.jar:5.2.0.RELEASE]
	at org.springframework.test.context.web.ServletTestExecutionListener.prepareTestInstance(ServletTestExecutionListener.java:132) ~[spring-test-5.2.0.RELEASE.jar:5.2.0.RELEASE]
	at org.springframework.test.context.TestContextManager.prepareTestInstance(TestContextManager.java:244) ~[spring-test-5.2.0.RELEASE.jar:5.2.0.RELEASE]
	at org.springframework.test.context.junit.jupiter.SpringExtension.postProcessTestInstance(SpringExtension.java:98) ~[spring-test-5.2.0.RELEASE.jar:5.2.0.RELEASE]
	at org.junit.jupiter.engine.descriptor.ClassBasedTestDescriptor.lambda$invokeTestInstancePostProcessors$5(ClassBasedTestDescriptor.java:337) ~[junit-jupiter-engine-5.5.2.jar:5.5.2]
	at org.junit.jupiter.engine.descriptor.ClassBasedTestDescriptor.executeAndMaskThrowable(ClassBasedTestDescriptor.java:342) ~[junit-jupiter-engine-5.5.2.jar:5.5.2]
	at org.junit.jupiter.engine.descriptor.ClassBasedTestDescriptor.lambda$invokeTestInstancePostProcessors$6(ClassBasedTestDescriptor.java:337) ~[junit-jupiter-engine-5.5.2.jar:5.5.2]
	at java.base/java.util.stream.ReferencePipeline$3$1.accept(ReferencePipeline.java:195) ~[na:na]
	at java.base/java.util.stream.ReferencePipeline$2$1.accept(ReferencePipeline.java:177) ~[na:na]
	at java.base/java.util.ArrayList$ArrayListSpliterator.forEachRemaining(ArrayList.java:1654) ~[na:na]
	at java.base/java.util.stream.AbstractPipeline.copyInto(AbstractPipeline.java:484) ~[na:na]
	at java.base/java.util.stream.AbstractPipeline.wrapAndCopyInto(AbstractPipeline.java:474) ~[na:na]
	at java.base/java.util.stream.StreamSpliterators$WrappingSpliterator.forEachRemaining(StreamSpliterators.java:312) ~[na:na]
	at java.base/java.util.stream.Streams$ConcatSpliterator.forEachRemaining(Streams.java:735) ~[na:na]
	at java.base/java.util.stream.Streams$ConcatSpliterator.forEachRemaining(Streams.java:734) ~[na:na]
	at java.base/java.util.stream.ReferencePipeline$Head.forEach(ReferencePipeline.java:658) ~[na:na]
	at org.junit.jupiter.engine.descriptor.ClassBasedTestDescriptor.invokeTestInstancePostProcessors(ClassBasedTestDescriptor.java:336) ~[junit-jupiter-engine-5.5.2.jar:5.5.2]
	at org.junit.jupiter.engine.descriptor.ClassBasedTestDescriptor.instantiateAndPostProcessTestInstance(ClassBasedTestDescriptor.java:259) ~[junit-jupiter-engine-5.5.2.jar:5.5.2]
	at org.junit.jupiter.engine.descriptor.ClassBasedTestDescriptor.lambda$testInstancesProvider$2(ClassBasedTestDescriptor.java:252) ~[junit-jupiter-engine-5.5.2.jar:5.5.2]
	at java.base/java.util.Optional.orElseGet(Optional.java:369) ~[na:na]
	at org.junit.jupiter.engine.descriptor.ClassBasedTestDescriptor.lambda$testInstancesProvider$3(ClassBasedTestDescriptor.java:251) ~[junit-jupiter-engine-5.5.2.jar:5.5.2]
	at org.junit.jupiter.engine.execution.TestInstancesProvider.getTestInstances(TestInstancesProvider.java:29) ~[junit-jupiter-engine-5.5.2.jar:5.5.2]
	at org.junit.jupiter.engine.descriptor.TestMethodTestDescriptor.lambda$prepare$0(TestMethodTestDescriptor.java:106) ~[junit-jupiter-engine-5.5.2.jar:5.5.2]
	at org.junit.platform.engine.support.hierarchical.ThrowableCollector.execute(ThrowableCollector.java:73) ~[junit-platform-engine-1.5.2.jar:1.5.2]
	at org.junit.jupiter.engine.descriptor.TestMethodTestDescriptor.prepare(TestMethodTestDescriptor.java:105) ~[junit-jupiter-engine-5.5.2.jar:5.5.2]
	at org.junit.jupiter.engine.descriptor.TestMethodTestDescriptor.prepare(TestMethodTestDescriptor.java:69) ~[junit-jupiter-engine-5.5.2.jar:5.5.2]
	at org.junit.platform.engine.support.hierarchical.NodeTestTask.lambda$prepare$1(NodeTestTask.java:107) ~[junit-platform-engine-1.5.2.jar:1.5.2]
	at org.junit.platform.engine.support.hierarchical.ThrowableCollector.execute(ThrowableCollector.java:73) ~[junit-platform-engine-1.5.2.jar:1.5.2]
	at org.junit.platform.engine.support.hierarchical.NodeTestTask.prepare(NodeTestTask.java:107) ~[junit-platform-engine-1.5.2.jar:1.5.2]
	at org.junit.platform.engine.support.hierarchical.NodeTestTask.execute(NodeTestTask.java:75) ~[junit-platform-engine-1.5.2.jar:1.5.2]
	at java.base/java.util.ArrayList.forEach(ArrayList.java:1540) ~[na:na]
	at org.junit.platform.engine.support.hierarchical.SameThreadHierarchicalTestExecutorService.invokeAll(SameThreadHierarchicalTestExecutorService.java:38) ~[junit-platform-engine-1.5.2.jar:1.5.2]
	at org.junit.platform.engine.support.hierarchical.NodeTestTask.lambda$executeRecursively$5(NodeTestTask.java:139) ~[junit-platform-engine-1.5.2.jar:1.5.2]
	at org.junit.platform.engine.support.hierarchical.ThrowableCollector.execute(ThrowableCollector.java:73) ~[junit-platform-engine-1.5.2.jar:1.5.2]
	at org.junit.platform.engine.support.hierarchical.NodeTestTask.lambda$executeRecursively$7(NodeTestTask.java:125) ~[junit-platform-engine-1.5.2.jar:1.5.2]
	at org.junit.platform.engine.support.hierarchical.Node.around(Node.java:135) ~[junit-platform-engine-1.5.2.jar:1.5.2]
	at org.junit.platform.engine.support.hierarchical.NodeTestTask.lambda$executeRecursively$8(NodeTestTask.java:123) ~[junit-platform-engine-1.5.2.jar:1.5.2]
	at org.junit.platform.engine.support.hierarchical.ThrowableCollector.execute(ThrowableCollector.java:73) ~[junit-platform-engine-1.5.2.jar:1.5.2]
	at org.junit.platform.engine.support.hierarchical.NodeTestTask.executeRecursively(NodeTestTask.java:122) ~[junit-platform-engine-1.5.2.jar:1.5.2]
	at org.junit.platform.engine.support.hierarchical.NodeTestTask.execute(NodeTestTask.java:80) ~[junit-platform-engine-1.5.2.jar:1.5.2]
	at java.base/java.util.ArrayList.forEach(ArrayList.java:1540) ~[na:na]
	at org.junit.platform.engine.support.hierarchical.SameThreadHierarchicalTestExecutorService.invokeAll(SameThreadHierarchicalTestExecutorService.java:38) ~[junit-platform-engine-1.5.2.jar:1.5.2]
	at org.junit.platform.engine.support.hierarchical.NodeTestTask.lambda$executeRecursively$5(NodeTestTask.java:139) ~[junit-platform-engine-1.5.2.jar:1.5.2]
	at org.junit.platform.engine.support.hierarchical.ThrowableCollector.execute(ThrowableCollector.java:73) ~[junit-platform-engine-1.5.2.jar:1.5.2]
	at org.junit.platform.engine.support.hierarchical.NodeTestTask.lambda$executeRecursively$7(NodeTestTask.java:125) ~[junit-platform-engine-1.5.2.jar:1.5.2]
	at org.junit.platform.engine.support.hierarchical.Node.around(Node.java:135) ~[junit-platform-engine-1.5.2.jar:1.5.2]
	at org.junit.platform.engine.support.hierarchical.NodeTestTask.lambda$executeRecursively$8(NodeTestTask.java:123) ~[junit-platform-engine-1.5.2.jar:1.5.2]
	at org.junit.platform.engine.support.hierarchical.ThrowableCollector.execute(ThrowableCollector.java:73) ~[junit-platform-engine-1.5.2.jar:1.5.2]
	at org.junit.platform.engine.support.hierarchical.NodeTestTask.executeRecursively(NodeTestTask.java:122) ~[junit-platform-engine-1.5.2.jar:1.5.2]
	at org.junit.platform.engine.support.hierarchical.NodeTestTask.execute(NodeTestTask.java:80) ~[junit-platform-engine-1.5.2.jar:1.5.2]
	at org.junit.platform.engine.support.hierarchical.SameThreadHierarchicalTestExecutorService.submit(SameThreadHierarchicalTestExecutorService.java:32) ~[junit-platform-engine-1.5.2.jar:1.5.2]
	at org.junit.platform.engine.support.hierarchical.HierarchicalTestExecutor.execute(HierarchicalTestExecutor.java:57) ~[junit-platform-engine-1.5.2.jar:1.5.2]
	at org.junit.platform.engine.support.hierarchical.HierarchicalTestEngine.execute(HierarchicalTestEngine.java:51) ~[junit-platform-engine-1.5.2.jar:1.5.2]
	at org.junit.platform.launcher.core.DefaultLauncher.execute(DefaultLauncher.java:220) ~[junit-platform-launcher-1.3.1.jar:1.3.1]
	at org.junit.platform.launcher.core.DefaultLauncher.lambda$execute$6(DefaultLauncher.java:188) ~[junit-platform-launcher-1.3.1.jar:1.3.1]
	at org.junit.platform.launcher.core.DefaultLauncher.withInterceptedStreams(DefaultLauncher.java:202) ~[junit-platform-launcher-1.3.1.jar:1.3.1]
	at org.junit.platform.launcher.core.DefaultLauncher.execute(DefaultLauncher.java:181) ~[junit-platform-launcher-1.3.1.jar:1.3.1]
	at org.junit.platform.launcher.core.DefaultLauncher.execute(DefaultLauncher.java:128) ~[junit-platform-launcher-1.3.1.jar:1.3.1]
	at org.apache.maven.surefire.junitplatform.JUnitPlatformProvider.invokeAllTests(JUnitPlatformProvider.java:150) ~[surefire-junit-platform-2.22.2.jar:2.22.2]
	at org.apache.maven.surefire.junitplatform.JUnitPlatformProvider.invoke(JUnitPlatformProvider.java:124) ~[surefire-junit-platform-2.22.2.jar:2.22.2]
	at org.apache.maven.surefire.booter.ForkedBooter.invokeProviderInSameClassLoader(ForkedBooter.java:384) ~[surefire-booter-2.22.2.jar:2.22.2]
	at org.apache.maven.surefire.booter.ForkedBooter.runSuitesInProcess(ForkedBooter.java:345) ~[surefire-booter-2.22.2.jar:2.22.2]
	at org.apache.maven.surefire.booter.ForkedBooter.execute(ForkedBooter.java:126) ~[surefire-booter-2.22.2.jar:2.22.2]
	at org.apache.maven.surefire.booter.ForkedBooter.main(ForkedBooter.java:418) ~[surefire-booter-2.22.2.jar:2.22.2]
Caused by: javax.persistence.PersistenceException: [PersistenceUnit: default] Unable to build Hibernate SessionFactory; nested exception is org.hibernate.MappingException: Could not determine type for: java.util.List, at table: s3bucket, for columns: [org.hibernate.mapping.Column(object)]
	at org.springframework.orm.jpa.AbstractEntityManagerFactoryBean.buildNativeEntityManagerFactory(AbstractEntityManagerFactoryBean.java:403) ~[spring-orm-5.2.0.RELEASE.jar:5.2.0.RELEASE]
	at org.springframework.orm.jpa.AbstractEntityManagerFactoryBean.afterPropertiesSet(AbstractEntityManagerFactoryBean.java:378) ~[spring-orm-5.2.0.RELEASE.jar:5.2.0.RELEASE]
	at org.springframework.orm.jpa.LocalContainerEntityManagerFactoryBean.afterPropertiesSet(LocalContainerEntityManagerFactoryBean.java:341) ~[spring-orm-5.2.0.RELEASE.jar:5.2.0.RELEASE]
	at org.springframework.beans.factory.support.AbstractAutowireCapableBeanFactory.invokeInitMethods(AbstractAutowireCapableBeanFactory.java:1862) ~[spring-beans-5.2.0.RELEASE.jar:5.2.0.RELEASE]
	at org.springframework.beans.factory.support.AbstractAutowireCapableBeanFactory.initializeBean(AbstractAutowireCapableBeanFactory.java:1799) ~[spring-beans-5.2.0.RELEASE.jar:5.2.0.RELEASE]
	... 80 common frames omitted
Caused by: org.hibernate.MappingException: Could not determine type for: java.util.List, at table: s3bucket, for columns: [org.hibernate.mapping.Column(object)]
	at org.hibernate.mapping.SimpleValue.getType(SimpleValue.java:488) ~[hibernate-core-5.4.6.Final.jar:5.4.6.Final]
	at org.hibernate.mapping.SimpleValue.isValid(SimpleValue.java:455) ~[hibernate-core-5.4.6.Final.jar:5.4.6.Final]
	at org.hibernate.mapping.Property.isValid(Property.java:227) ~[hibernate-core-5.4.6.Final.jar:5.4.6.Final]
	at org.hibernate.mapping.PersistentClass.validate(PersistentClass.java:624) ~[hibernate-core-5.4.6.Final.jar:5.4.6.Final]
	at org.hibernate.mapping.RootClass.validate(RootClass.java:267) ~[hibernate-core-5.4.6.Final.jar:5.4.6.Final]
	at org.hibernate.boot.internal.MetadataImpl.validate(MetadataImpl.java:343) ~[hibernate-core-5.4.6.Final.jar:5.4.6.Final]
	at org.hibernate.boot.internal.SessionFactoryBuilderImpl.build(SessionFactoryBuilderImpl.java:461) ~[hibernate-core-5.4.6.Final.jar:5.4.6.Final]
	at org.hibernate.jpa.boot.internal.EntityManagerFactoryBuilderImpl.build(EntityManagerFactoryBuilderImpl.java:935) ~[hibernate-core-5.4.6.Final.jar:5.4.6.Final]
	at org.springframework.orm.jpa.vendor.SpringHibernateJpaPersistenceProvider.createContainerEntityManagerFactory(SpringHibernateJpaPersistenceProvider.java:58) ~[spring-orm-5.2.0.RELEASE.jar:5.2.0.RELEASE]
	at org.springframework.orm.jpa.LocalContainerEntityManagerFactoryBean.createNativeEntityManagerFactory(LocalContainerEntityManagerFactoryBean.java:365) ~[spring-orm-5.2.0.RELEASE.jar:5.2.0.RELEASE]
	at org.springframework.orm.jpa.AbstractEntityManagerFactoryBean.buildNativeEntityManagerFactory(AbstractEntityManagerFactoryBean.java:391) ~[spring-orm-5.2.0.RELEASE.jar:5.2.0.RELEASE]
	... 84 common frames omitted

2019-11-13 15:48:03.646 ERROR 47202 --- [           main] o.s.test.context.TestContextManager      : Caught exception while allowing TestExecutionListener [org.springframework.test.context.web.ServletTestExecutionListener@5ddcc487] to prepare test instance [com.s3bucket.file.manager.ApplicationTests@45dde6ac]

java.lang.IllegalStateException: Failed to load ApplicationContext
	at org.springframework.test.context.cache.DefaultCacheAwareContextLoaderDelegate.loadContext(DefaultCacheAwareContextLoaderDelegate.java:132) ~[spring-test-5.2.0.RELEASE.jar:5.2.0.RELEASE]
	at org.springframework.test.context.support.DefaultTestContext.getApplicationContext(DefaultTestContext.java:123) ~[spring-test-5.2.0.RELEASE.jar:5.2.0.RELEASE]
	at org.springframework.test.context.web.ServletTestExecutionListener.setUpRequestContextIfNecessary(ServletTestExecutionListener.java:190) ~[spring-test-5.2.0.RELEASE.jar:5.2.0.RELEASE]
	at org.springframework.test.context.web.ServletTestExecutionListener.prepareTestInstance(ServletTestExecutionListener.java:132) ~[spring-test-5.2.0.RELEASE.jar:5.2.0.RELEASE]
	at org.springframework.test.context.TestContextManager.prepareTestInstance(TestContextManager.java:244) ~[spring-test-5.2.0.RELEASE.jar:5.2.0.RELEASE]
	at org.springframework.test.context.junit.jupiter.SpringExtension.postProcessTestInstance(SpringExtension.java:98) ~[spring-test-5.2.0.RELEASE.jar:5.2.0.RELEASE]
	at org.junit.jupiter.engine.descriptor.ClassBasedTestDescriptor.lambda$invokeTestInstancePostProcessors$5(ClassBasedTestDescriptor.java:337) ~[junit-jupiter-engine-5.5.2.jar:5.5.2]
	at org.junit.jupiter.engine.descriptor.ClassBasedTestDescriptor.executeAndMaskThrowable(ClassBasedTestDescriptor.java:342) ~[junit-jupiter-engine-5.5.2.jar:5.5.2]
	at org.junit.jupiter.engine.descriptor.ClassBasedTestDescriptor.lambda$invokeTestInstancePostProcessors$6(ClassBasedTestDescriptor.java:337) ~[junit-jupiter-engine-5.5.2.jar:5.5.2]
	at java.base/java.util.stream.ReferencePipeline$3$1.accept(ReferencePipeline.java:195) ~[na:na]
	at java.base/java.util.stream.ReferencePipeline$2$1.accept(ReferencePipeline.java:177) ~[na:na]
	at java.base/java.util.ArrayList$ArrayListSpliterator.forEachRemaining(ArrayList.java:1654) ~[na:na]
	at java.base/java.util.stream.AbstractPipeline.copyInto(AbstractPipeline.java:484) ~[na:na]
	at java.base/java.util.stream.AbstractPipeline.wrapAndCopyInto(AbstractPipeline.java:474) ~[na:na]
	at java.base/java.util.stream.StreamSpliterators$WrappingSpliterator.forEachRemaining(StreamSpliterators.java:312) ~[na:na]
	at java.base/java.util.stream.Streams$ConcatSpliterator.forEachRemaining(Streams.java:735) ~[na:na]
	at java.base/java.util.stream.Streams$ConcatSpliterator.forEachRemaining(Streams.java:734) ~[na:na]
	at java.base/java.util.stream.ReferencePipeline$Head.forEach(ReferencePipeline.java:658) ~[na:na]
	at org.junit.jupiter.engine.descriptor.ClassBasedTestDescriptor.invokeTestInstancePostProcessors(ClassBasedTestDescriptor.java:336) ~[junit-jupiter-engine-5.5.2.jar:5.5.2]
	at org.junit.jupiter.engine.descriptor.ClassBasedTestDescriptor.instantiateAndPostProcessTestInstance(ClassBasedTestDescriptor.java:259) ~[junit-jupiter-engine-5.5.2.jar:5.5.2]
	at org.junit.jupiter.engine.descriptor.ClassBasedTestDescriptor.lambda$testInstancesProvider$2(ClassBasedTestDescriptor.java:252) ~[junit-jupiter-engine-5.5.2.jar:5.5.2]
	at java.base/java.util.Optional.orElseGet(Optional.java:369) ~[na:na]
	at org.junit.jupiter.engine.descriptor.ClassBasedTestDescriptor.lambda$testInstancesProvider$3(ClassBasedTestDescriptor.java:251) ~[junit-jupiter-engine-5.5.2.jar:5.5.2]
	at org.junit.jupiter.engine.execution.TestInstancesProvider.getTestInstances(TestInstancesProvider.java:29) ~[junit-jupiter-engine-5.5.2.jar:5.5.2]
	at org.junit.jupiter.engine.descriptor.TestMethodTestDescriptor.lambda$prepare$0(TestMethodTestDescriptor.java:106) ~[junit-jupiter-engine-5.5.2.jar:5.5.2]
	at org.junit.platform.engine.support.hierarchical.ThrowableCollector.execute(ThrowableCollector.java:73) ~[junit-platform-engine-1.5.2.jar:1.5.2]
	at org.junit.jupiter.engine.descriptor.TestMethodTestDescriptor.prepare(TestMethodTestDescriptor.java:105) ~[junit-jupiter-engine-5.5.2.jar:5.5.2]
	at org.junit.jupiter.engine.descriptor.TestMethodTestDescriptor.prepare(TestMethodTestDescriptor.java:69) ~[junit-jupiter-engine-5.5.2.jar:5.5.2]
	at org.junit.platform.engine.support.hierarchical.NodeTestTask.lambda$prepare$1(NodeTestTask.java:107) ~[junit-platform-engine-1.5.2.jar:1.5.2]
	at org.junit.platform.engine.support.hierarchical.ThrowableCollector.execute(ThrowableCollector.java:73) ~[junit-platform-engine-1.5.2.jar:1.5.2]
	at org.junit.platform.engine.support.hierarchical.NodeTestTask.prepare(NodeTestTask.java:107) ~[junit-platform-engine-1.5.2.jar:1.5.2]
	at org.junit.platform.engine.support.hierarchical.NodeTestTask.execute(NodeTestTask.java:75) ~[junit-platform-engine-1.5.2.jar:1.5.2]
	at java.base/java.util.ArrayList.forEach(ArrayList.java:1540) ~[na:na]
	at org.junit.platform.engine.support.hierarchical.SameThreadHierarchicalTestExecutorService.invokeAll(SameThreadHierarchicalTestExecutorService.java:38) ~[junit-platform-engine-1.5.2.jar:1.5.2]
	at org.junit.platform.engine.support.hierarchical.NodeTestTask.lambda$executeRecursively$5(NodeTestTask.java:139) ~[junit-platform-engine-1.5.2.jar:1.5.2]
	at org.junit.platform.engine.support.hierarchical.ThrowableCollector.execute(ThrowableCollector.java:73) ~[junit-platform-engine-1.5.2.jar:1.5.2]
	at org.junit.platform.engine.support.hierarchical.NodeTestTask.lambda$executeRecursively$7(NodeTestTask.java:125) ~[junit-platform-engine-1.5.2.jar:1.5.2]
	at org.junit.platform.engine.support.hierarchical.Node.around(Node.java:135) ~[junit-platform-engine-1.5.2.jar:1.5.2]
	at org.junit.platform.engine.support.hierarchical.NodeTestTask.lambda$executeRecursively$8(NodeTestTask.java:123) ~[junit-platform-engine-1.5.2.jar:1.5.2]
	at org.junit.platform.engine.support.hierarchical.ThrowableCollector.execute(ThrowableCollector.java:73) ~[junit-platform-engine-1.5.2.jar:1.5.2]
	at org.junit.platform.engine.support.hierarchical.NodeTestTask.executeRecursively(NodeTestTask.java:122) ~[junit-platform-engine-1.5.2.jar:1.5.2]
	at org.junit.platform.engine.support.hierarchical.NodeTestTask.execute(NodeTestTask.java:80) ~[junit-platform-engine-1.5.2.jar:1.5.2]
	at java.base/java.util.ArrayList.forEach(ArrayList.java:1540) ~[na:na]
	at org.junit.platform.engine.support.hierarchical.SameThreadHierarchicalTestExecutorService.invokeAll(SameThreadHierarchicalTestExecutorService.java:38) ~[junit-platform-engine-1.5.2.jar:1.5.2]
	at org.junit.platform.engine.support.hierarchical.NodeTestTask.lambda$executeRecursively$5(NodeTestTask.java:139) ~[junit-platform-engine-1.5.2.jar:1.5.2]
	at org.junit.platform.engine.support.hierarchical.ThrowableCollector.execute(ThrowableCollector.java:73) ~[junit-platform-engine-1.5.2.jar:1.5.2]
	at org.junit.platform.engine.support.hierarchical.NodeTestTask.lambda$executeRecursively$7(NodeTestTask.java:125) ~[junit-platform-engine-1.5.2.jar:1.5.2]
	at org.junit.platform.engine.support.hierarchical.Node.around(Node.java:135) ~[junit-platform-engine-1.5.2.jar:1.5.2]
	at org.junit.platform.engine.support.hierarchical.NodeTestTask.lambda$executeRecursively$8(NodeTestTask.java:123) ~[junit-platform-engine-1.5.2.jar:1.5.2]
	at org.junit.platform.engine.support.hierarchical.ThrowableCollector.execute(ThrowableCollector.java:73) ~[junit-platform-engine-1.5.2.jar:1.5.2]
	at org.junit.platform.engine.support.hierarchical.NodeTestTask.executeRecursively(NodeTestTask.java:122) ~[junit-platform-engine-1.5.2.jar:1.5.2]
	at org.junit.platform.engine.support.hierarchical.NodeTestTask.execute(NodeTestTask.java:80) ~[junit-platform-engine-1.5.2.jar:1.5.2]
	at org.junit.platform.engine.support.hierarchical.SameThreadHierarchicalTestExecutorService.submit(SameThreadHierarchicalTestExecutorService.java:32) ~[junit-platform-engine-1.5.2.jar:1.5.2]
	at org.junit.platform.engine.support.hierarchical.HierarchicalTestExecutor.execute(HierarchicalTestExecutor.java:57) ~[junit-platform-engine-1.5.2.jar:1.5.2]
	at org.junit.platform.engine.support.hierarchical.HierarchicalTestEngine.execute(HierarchicalTestEngine.java:51) ~[junit-platform-engine-1.5.2.jar:1.5.2]
	at org.junit.platform.launcher.core.DefaultLauncher.execute(DefaultLauncher.java:220) ~[junit-platform-launcher-1.3.1.jar:1.3.1]
	at org.junit.platform.launcher.core.DefaultLauncher.lambda$execute$6(DefaultLauncher.java:188) ~[junit-platform-launcher-1.3.1.jar:1.3.1]
	at org.junit.platform.launcher.core.DefaultLauncher.withInterceptedStreams(DefaultLauncher.java:202) ~[junit-platform-launcher-1.3.1.jar:1.3.1]
	at org.junit.platform.launcher.core.DefaultLauncher.execute(DefaultLauncher.java:181) ~[junit-platform-launcher-1.3.1.jar:1.3.1]
	at org.junit.platform.launcher.core.DefaultLauncher.execute(DefaultLauncher.java:128) ~[junit-platform-launcher-1.3.1.jar:1.3.1]
	at org.apache.maven.surefire.junitplatform.JUnitPlatformProvider.invokeAllTests(JUnitPlatformProvider.java:150) ~[surefire-junit-platform-2.22.2.jar:2.22.2]
	at org.apache.maven.surefire.junitplatform.JUnitPlatformProvider.invoke(JUnitPlatformProvider.java:124) ~[surefire-junit-platform-2.22.2.jar:2.22.2]
	at org.apache.maven.surefire.booter.ForkedBooter.invokeProviderInSameClassLoader(ForkedBooter.java:384) ~[surefire-booter-2.22.2.jar:2.22.2]
	at org.apache.maven.surefire.booter.ForkedBooter.runSuitesInProcess(ForkedBooter.java:345) ~[surefire-booter-2.22.2.jar:2.22.2]
	at org.apache.maven.surefire.booter.ForkedBooter.execute(ForkedBooter.java:126) ~[surefire-booter-2.22.2.jar:2.22.2]
	at org.apache.maven.surefire.booter.ForkedBooter.main(ForkedBooter.java:418) ~[surefire-booter-2.22.2.jar:2.22.2]
Caused by: org.springframework.beans.factory.BeanCreationException: Error creating bean with name 'entityManagerFactory' defined in class path resource [org/springframework/boot/autoconfigure/orm/jpa/HibernateJpaConfiguration.class]: Invocation of init method failed; nested exception is javax.persistence.PersistenceException: [PersistenceUnit: default] Unable to build Hibernate SessionFactory; nested exception is org.hibernate.MappingException: Could not determine type for: java.util.List, at table: s3bucket, for columns: [org.hibernate.mapping.Column(object)]
	at org.springframework.beans.factory.support.AbstractAutowireCapableBeanFactory.initializeBean(AbstractAutowireCapableBeanFactory.java:1803) ~[spring-beans-5.2.0.RELEASE.jar:5.2.0.RELEASE]
	at org.springframework.beans.factory.support.AbstractAutowireCapableBeanFactory.doCreateBean(AbstractAutowireCapableBeanFactory.java:595) ~[spring-beans-5.2.0.RELEASE.jar:5.2.0.RELEASE]
	at org.springframework.beans.factory.support.AbstractAutowireCapableBeanFactory.createBean(AbstractAutowireCapableBeanFactory.java:517) ~[spring-beans-5.2.0.RELEASE.jar:5.2.0.RELEASE]
	at org.springframework.beans.factory.support.AbstractBeanFactory.lambda$doGetBean$0(AbstractBeanFactory.java:323) ~[spring-beans-5.2.0.RELEASE.jar:5.2.0.RELEASE]
	at org.springframework.beans.factory.support.DefaultSingletonBeanRegistry.getSingleton(DefaultSingletonBeanRegistry.java:222) ~[spring-beans-5.2.0.RELEASE.jar:5.2.0.RELEASE]
	at org.springframework.beans.factory.support.AbstractBeanFactory.doGetBean(AbstractBeanFactory.java:321) ~[spring-beans-5.2.0.RELEASE.jar:5.2.0.RELEASE]
	at org.springframework.beans.factory.support.AbstractBeanFactory.getBean(AbstractBeanFactory.java:202) ~[spring-beans-5.2.0.RELEASE.jar:5.2.0.RELEASE]
	at org.springframework.context.support.AbstractApplicationContext.getBean(AbstractApplicationContext.java:1108) ~[spring-context-5.2.0.RELEASE.jar:5.2.0.RELEASE]
	at org.springframework.context.support.AbstractApplicationContext.finishBeanFactoryInitialization(AbstractApplicationContext.java:868) ~[spring-context-5.2.0.RELEASE.jar:5.2.0.RELEASE]
	at org.springframework.context.support.AbstractApplicationContext.refresh(AbstractApplicationContext.java:550) ~[spring-context-5.2.0.RELEASE.jar:5.2.0.RELEASE]
	at org.springframework.boot.SpringApplication.refresh(SpringApplication.java:747) ~[spring-boot-2.2.0.RELEASE.jar:2.2.0.RELEASE]
	at org.springframework.boot.SpringApplication.refreshContext(SpringApplication.java:397) ~[spring-boot-2.2.0.RELEASE.jar:2.2.0.RELEASE]
	at org.springframework.boot.SpringApplication.run(SpringApplication.java:315) ~[spring-boot-2.2.0.RELEASE.jar:2.2.0.RELEASE]
	at org.springframework.boot.test.context.SpringBootContextLoader.loadContext(SpringBootContextLoader.java:125) ~[spring-boot-test-2.2.0.RELEASE.jar:2.2.0.RELEASE]
	at org.springframework.test.context.cache.DefaultCacheAwareContextLoaderDelegate.loadContextInternal(DefaultCacheAwareContextLoaderDelegate.java:99) ~[spring-test-5.2.0.RELEASE.jar:5.2.0.RELEASE]
	at org.springframework.test.context.cache.DefaultCacheAwareContextLoaderDelegate.loadContext(DefaultCacheAwareContextLoaderDelegate.java:124) ~[spring-test-5.2.0.RELEASE.jar:5.2.0.RELEASE]
	... 65 common frames omitted
Caused by: javax.persistence.PersistenceException: [PersistenceUnit: default] Unable to build Hibernate SessionFactory; nested exception is org.hibernate.MappingException: Could not determine type for: java.util.List, at table: s3bucket, for columns: [org.hibernate.mapping.Column(object)]
	at org.springframework.orm.jpa.AbstractEntityManagerFactoryBean.buildNativeEntityManagerFactory(AbstractEntityManagerFactoryBean.java:403) ~[spring-orm-5.2.0.RELEASE.jar:5.2.0.RELEASE]
	at org.springframework.orm.jpa.AbstractEntityManagerFactoryBean.afterPropertiesSet(AbstractEntityManagerFactoryBean.java:378) ~[spring-orm-5.2.0.RELEASE.jar:5.2.0.RELEASE]
	at org.springframework.orm.jpa.LocalContainerEntityManagerFactoryBean.afterPropertiesSet(LocalContainerEntityManagerFactoryBean.java:341) ~[spring-orm-5.2.0.RELEASE.jar:5.2.0.RELEASE]
	at org.springframework.beans.factory.support.AbstractAutowireCapableBeanFactory.invokeInitMethods(AbstractAutowireCapableBeanFactory.java:1862) ~[spring-beans-5.2.0.RELEASE.jar:5.2.0.RELEASE]
	at org.springframework.beans.factory.support.AbstractAutowireCapableBeanFactory.initializeBean(AbstractAutowireCapableBeanFactory.java:1799) ~[spring-beans-5.2.0.RELEASE.jar:5.2.0.RELEASE]
	... 80 common frames omitted
Caused by: org.hibernate.MappingException: Could not determine type for: java.util.List, at table: s3bucket, for columns: [org.hibernate.mapping.Column(object)]
	at org.hibernate.mapping.SimpleValue.getType(SimpleValue.java:488) ~[hibernate-core-5.4.6.Final.jar:5.4.6.Final]
	at org.hibernate.mapping.SimpleValue.isValid(SimpleValue.java:455) ~[hibernate-core-5.4.6.Final.jar:5.4.6.Final]
	at org.hibernate.mapping.Property.isValid(Property.java:227) ~[hibernate-core-5.4.6.Final.jar:5.4.6.Final]
	at org.hibernate.mapping.PersistentClass.validate(PersistentClass.java:624) ~[hibernate-core-5.4.6.Final.jar:5.4.6.Final]
	at org.hibernate.mapping.RootClass.validate(RootClass.java:267) ~[hibernate-core-5.4.6.Final.jar:5.4.6.Final]
	at org.hibernate.boot.internal.MetadataImpl.validate(MetadataImpl.java:343) ~[hibernate-core-5.4.6.Final.jar:5.4.6.Final]
	at org.hibernate.boot.internal.SessionFactoryBuilderImpl.build(SessionFactoryBuilderImpl.java:461) ~[hibernate-core-5.4.6.Final.jar:5.4.6.Final]
	at org.hibernate.jpa.boot.internal.EntityManagerFactoryBuilderImpl.build(EntityManagerFactoryBuilderImpl.java:935) ~[hibernate-core-5.4.6.Final.jar:5.4.6.Final]
	at org.springframework.orm.jpa.vendor.SpringHibernateJpaPersistenceProvider.createContainerEntityManagerFactory(SpringHibernateJpaPersistenceProvider.java:58) ~[spring-orm-5.2.0.RELEASE.jar:5.2.0.RELEASE]
	at org.springframework.orm.jpa.LocalContainerEntityManagerFactoryBean.createNativeEntityManagerFactory(LocalContainerEntityManagerFactoryBean.java:365) ~[spring-orm-5.2.0.RELEASE.jar:5.2.0.RELEASE]
	at org.springframework.orm.jpa.AbstractEntityManagerFactoryBean.buildNativeEntityManagerFactory(AbstractEntityManagerFactoryBean.java:391) ~[spring-orm-5.2.0.RELEASE.jar:5.2.0.RELEASE]
	... 84 common frames omitted

]]></system-out>
  </testcase>
</testsuite>